<?xml version="1.0" encoding="utf-8"?><testsuites><testsuite name="pytest" errors="0" failures="0" skipped="0" tests="9" time="0.200" timestamp="2026-03-02T19:29:23.315236" hostname="spec-mvd"><testcase classname="tests.test_optimization" name="test_concurrent_db_no_locked_error" time="0.051" /><testcase classname="tests.test_optimization" name="test_wal_mode_is_enabled" time="0.007" /><testcase classname="tests.test_optimization" name="test_epub_processing_does_not_block_event_loop" time="0.008" /><testcase classname="tests.test_optimization" name="test_worker_calls_task_done_on_exception" time="0.007" /><testcase classname="tests.test_epub_golden" name="test_epub_golden_inputs[basic_post.txt-\u041f\u0440\u043e\u0441\u0442\u043e\u0439 \u0437\u0430\u0433\u043e\u043b\u043e\u0432\u043e\u043a-\u041f\u0435\u0440\u0432\u044b\u0439 \u0430\u0431\u0437\u0430\u0446 \u0441 \u043e\u0431\u044b\u0447\u043d\u044b\u043c \u0442\u0435\u043a\u0441\u0442\u043e\u043c.]" time="0.002" /><testcase classname="tests.test_epub_golden" name="test_epub_golden_inputs[html_entities.txt-\u0417\u0430\u0433\u043e\u043b\u043e\u0432\u043e\u043a &amp; &lt;\u043f\u0440\u043e\u0432\u0435\u0440\u043a\u0430&gt;-\u0422\u0435\u043a\u0441\u0442 \u0441 \u0441\u0438\u043c\u0432\u043e\u043b\u0430\u043c\u0438 &amp;lt;, &amp;gt; \u0438 &amp;amp;]" time="0.001" /><testcase classname="tests.test_epub_golden" name="test_epub_golden_inputs[list_like_post.txt-\u0421\u043f\u0438\u0441\u043e\u043a \u0437\u0430\u0434\u0430\u0447-- \u041f\u0435\u0440\u0432\u044b\u0439 \u043f\u0443\u043d\u043a\u0442]" time="0.001" /><testcase classname="tests.test_epub_service_guardrails" name="test_process_text_to_epub_offloads_blocking_work" time="0.002" /><testcase classname="tests.test_epub_service_guardrails" name="test_process_file_to_dropbox_uses_to_thread" time="0.001" /></testsuite></testsuites>