<?xml version="1.0" encoding="utf-8"?><testsuites><testsuite name="pytest" errors="0" failures="0" skipped="0" tests="41" time="0.903" timestamp="2026-03-02T19:29:30.482445" hostname="spec-mvd"><testcase classname="tests.test_bot.TestSvgCover" name="test_returns_bytes" time="0.000" /><testcase classname="tests.test_bot.TestBuildEpubZip" name="test_result_is_valid_zip" time="0.001" /><testcase classname="tests.test_bot.TestTelegramToEpub" name="test_handle_forwarded_message_success" time="0.004" /><testcase classname="tests.test_bot.TestTelegramToEpub" name="test_handle_epub_document" time="0.003" /><testcase classname="tests.test_bot.TestTelegramToEpub" name="test_extract_title" time="0.000" /><testcase classname="tests.test_config" name="test_config_parsing_from_env" time="0.001" /><testcase classname="tests.test_epub_golden" name="test_epub_golden_inputs[basic_post.txt-\u041f\u0440\u043e\u0441\u0442\u043e\u0439 \u0437\u0430\u0433\u043e\u043b\u043e\u0432\u043e\u043a-\u041f\u0435\u0440\u0432\u044b\u0439 \u0430\u0431\u0437\u0430\u0446 \u0441 \u043e\u0431\u044b\u0447\u043d\u044b\u043c \u0442\u0435\u043a\u0441\u0442\u043e\u043c.]" time="0.002" /><testcase classname="tests.test_epub_golden" name="test_epub_golden_inputs[html_entities.txt-\u0417\u0430\u0433\u043e\u043b\u043e\u0432\u043e\u043a &amp; &lt;\u043f\u0440\u043e\u0432\u0435\u0440\u043a\u0430&gt;-\u0422\u0435\u043a\u0441\u0442 \u0441 \u0441\u0438\u043c\u0432\u043e\u043b\u0430\u043c\u0438 &amp;lt;, &amp;gt; \u0438 &amp;amp;]" time="0.001" /><testcase classname="tests.test_epub_golden" name="test_epub_golden_inputs[list_like_post.txt-\u0421\u043f\u0438\u0441\u043e\u043a \u0437\u0430\u0434\u0430\u0447-- \u041f\u0435\u0440\u0432\u044b\u0439 \u043f\u0443\u043d\u043a\u0442]" time="0.001" /><testcase classname="tests.test_epub_service_guardrails" name="test_process_text_to_epub_offloads_blocking_work" time="0.002" /><testcase classname="tests.test_epub_service_guardrails" name="test_process_file_to_dropbox_uses_to_thread" time="0.001" /><testcase classname="tests.test_epub_validate" name="test_validate_epub_path_ok" time="0.001" /><testcase classname="tests.test_epub_validate" name="test_validate_epub_bytes_rejects_bad_mimetype" time="0.000" /><testcase classname="tests.test_integration" name="test_full_pipeline_text_to_dropbox" time="0.007" /><testcase classname="tests.test_integration" name="test_full_pipeline_document_to_dropbox" time="0.004" /><testcase classname="tests.test_optimization" name="test_concurrent_db_no_locked_error" time="0.020" /><testcase classname="tests.test_optimization" name="test_wal_mode_is_enabled" time="0.012" /><testcase classname="tests.test_optimization" name="test_epub_processing_does_not_block_event_loop" time="0.041" /><testcase classname="tests.test_optimization" name="test_worker_calls_task_done_on_exception" time="0.012" /><testcase classname="tests.test_qr_utils.TestGenerateQrLink" name="test_returns_tg_login_scheme" time="0.001" /><testcase classname="tests.test_qr_utils.TestGenerateQrLink" name="test_base64url_encoded" time="0.000" /><testcase classname="tests.test_qr_utils.TestGenerateQrLink" name="test_decoded_matches_original" time="0.000" /><testcase classname="tests.test_qr_utils.TestGenerateQrLink" name="test_different_tokens_give_different_links" time="0.000" /><testcase classname="tests.test_qr_utils.TestGenerateQrImage" name="test_creates_png_file" time="0.032" /><testcase classname="tests.test_qr_utils.TestGenerateQrImage" name="test_png_has_correct_magic_bytes" time="0.004" /><testcase classname="tests.test_qr_utils.TestGenerateQrImage" name="test_default_filename" time="0.004" /><testcase classname="tests.test_userbot" name="test_db_add_and_get" time="0.012" /><testcase classname="tests.test_userbot" name="test_db_remove" time="0.018" /><testcase classname="tests.test_userbot" name="test_add_channel_rejects_non_admin" time="0.003" /><testcase classname="tests.test_userbot" name="test_add_channel_admin_success" time="0.013" /><testcase classname="tests.test_userbot" name="test_list_channels_empty" time="0.013" /><testcase classname="tests.test_userbot" name="test_del_channel_not_found" time="0.013" /><testcase classname="tests.test_userbot" name="test_channel_worker_processes_item" time="0.104" /><testcase classname="tests.test_userbot" name="test_handle_channel_message_enqueues_when_called_directly" time="0.016" /><testcase classname="tests.test_userbot" name="test_handle_channel_message_enqueues_known_channel" time="0.015" /><testcase classname="tests.test_userbot" name="test_userbot_starts_and_fetches_dialogs" time="0.004" /><testcase classname="tests.test_userbot_filters" name="test_filter_rejects_unknown_channel" time="0.012" /><testcase classname="tests.test_userbot_filters" name="test_filter_accepts_after_add_channel" time="0.012" /><testcase classname="tests.test_userbot_filters" name="test_filter_rejects_after_del_channel" time="0.013" /><testcase classname="tests.test_userbot_filters" name="test_filter_accepts_private_channel_after_invite_resolve" time="0.017" /><testcase classname="tests.test_userbot_filters" name="test_filter_is_antifragile" time="0.014" /></testsuite></testsuites>